<?xml version="1.0" encoding="UTF-8"?>
<!-- Generated by org.testng.reporters.JUnitXMLReporter -->
<testsuite hostname="VG-IT-LAP-14" ignored="0" name="Test(failed)" tests="1" failures="1" timestamp="2020-07-28T19:36:12 IST" time="28.243" errors="0">
  <testcase name="searchPhoneNum" time="19.367" classname="teazzers.testcases.distributors.TEAZ62_Distributors_SearchbyPhone">
    <failure type="java.lang.RuntimeException">
      <![CDATA[java.lang.RuntimeException
at teazzers.util.Reporter.reportStep(Reporter.java:65)
at teazzers.util.Reporter.reportStep(Reporter.java:75)
at teazzers.selenium.api.SeleniumBase.click(SeleniumBase.java:150)
at teazzers.pages.ManageParentCompaniespage.clickDistributors(ManageParentCompaniespage.java:140)
at teazzers.testcases.distributors.TEAZ62_Distributors_SearchbyPhone.searchPhoneNum(TEAZ62_Distributors_SearchbyPhone.java:23)
at java.util.ArrayList.forEach(Unknown Source)
... Removed 27 stack frames]]>
    </failure>
  </testcase> <!-- searchPhoneNum -->
</testsuite> <!-- Test(failed) -->
