<?xml version="1.0" encoding="UTF-8"?>
<!-- Generated by org.testng.reporters.JUnitXMLReporter -->
<testsuite hostname="VG-IT-LAP-14" ignored="236" name="Test" tests="60" failures="4" timestamp="2020-07-29T12:52:13 IST" time="3908.997" errors="0">
  <testcase name="searchTradeName" time="68.339" classname="teazzers.testcases.service_technicians.TEAZ24ServTech_SearchbyTradeName"/>
  <testcase name="searchStateName" time="36.892" classname="teazzers.testcases.locations.TEAZ20Location_SearchbyStateName"/>
  <testcase name="searchPhoneNum" time="92.666" classname="teazzers.testcases.distributors.TEAZ62_Distributors_SearchbyPhone">
    <failure type="org.openqa.selenium.NoSuchElementException" message="no such element: Unable to locate element: {&amp;quot;method&amp;quot;:&amp;quot;xpath&amp;quot;,&amp;quot;selector&amp;quot;:&amp;quot;//a[@href=&amp;apos;/Distributors/ViewDistributor/2055&amp;apos;]&amp;quot;}
  (Session info: chrome=84.0.4147.105)
For documentation on this error, please visit: https://www.seleniumhq.org/exceptions/no_such_element.html
Build info: version: &amp;apos;3.141.59&amp;apos;, revision: &amp;apos;e82be7d358&amp;apos;, time: &amp;apos;2018-11-14T08:17:03&amp;apos;
System info: host: &amp;apos;VG-IT-LAP-14&amp;apos;, ip: &amp;apos;192.168.0.101&amp;apos;, os.name: &amp;apos;Windows 10&amp;apos;, os.arch: &amp;apos;x86&amp;apos;, os.version: &amp;apos;10.0&amp;apos;, java.version: &amp;apos;1.8.0_161&amp;apos;
Driver info: org.openqa.selenium.chrome.ChromeDriver
Capabilities {acceptInsecureCerts: false, browserName: chrome, browserVersion: 84.0.4147.105, chrome: {chromedriverVersion: 83.0.4103.39 (ccbf011cb2d2b..., userDataDir: C:\Users\suganyap\AppData\L...}, goog:chromeOptions: {debuggerAddress: localhost:50910}, javascriptEnabled: true, networkConnectionEnabled: false, pageLoadStrategy: normal, platform: WINDOWS, platformName: WINDOWS, proxy: Proxy(), setWindowRect: true, strictFileInteractability: false, timeouts: {implicit: 0, pageLoad: 300000, script: 30000}, unhandledPromptBehavior: dismiss and notify, webauthn:virtualAuthenticators: true}
Session ID: dc29eff53068fdcb0de9191c6296be49
*** Element info: {Using=xpath, value=//a[@href=&amp;apos;/Distributors/ViewDistributor/2055&amp;apos;]}">
      <![CDATA[org.openqa.selenium.NoSuchElementException: no such element: Unable to locate element: {"method":"xpath","selector":"//a[@href='/Distributors/ViewDistributor/2055']"}
  (Session info: chrome=84.0.4147.105)
For documentation on this error, please visit: https://www.seleniumhq.org/exceptions/no_such_element.html
Build info: version: '3.141.59', revision: 'e82be7d358', time: '2018-11-14T08:17:03'
System info: host: 'VG-IT-LAP-14', ip: '192.168.0.101', os.name: 'Windows 10', os.arch: 'x86', os.version: '10.0', java.version: '1.8.0_161'
Driver info: org.openqa.selenium.chrome.ChromeDriver
Capabilities {acceptInsecureCerts: false, browserName: chrome, browserVersion: 84.0.4147.105, chrome: {chromedriverVersion: 83.0.4103.39 (ccbf011cb2d2b..., userDataDir: C:\Users\suganyap\AppData\L...}, goog:chromeOptions: {debuggerAddress: localhost:50910}, javascriptEnabled: true, networkConnectionEnabled: false, pageLoadStrategy: normal, platform: WINDOWS, platformName: WINDOWS, proxy: Proxy(), setWindowRect: true, strictFileInteractability: false, timeouts: {implicit: 0, pageLoad: 300000, script: 30000}, unhandledPromptBehavior: dismiss and notify, webauthn:virtualAuthenticators: true}
Session ID: dc29eff53068fdcb0de9191c6296be49
*** Element info: {Using=xpath, value=//a[@href='/Distributors/ViewDistributor/2055']}
at org.openqa.selenium.remote.http.W3CHttpResponseCodec.createException(W3CHttpResponseCodec.java:187)
at org.openqa.selenium.remote.http.W3CHttpResponseCodec.decode(W3CHttpResponseCodec.java:122)
at org.openqa.selenium.remote.http.W3CHttpResponseCodec.decode(W3CHttpResponseCodec.java:49)
at org.openqa.selenium.remote.HttpCommandExecutor.execute(HttpCommandExecutor.java:158)
at org.openqa.selenium.remote.service.DriverCommandExecutor.execute(DriverCommandExecutor.java:83)
at org.openqa.selenium.remote.RemoteWebDriver.execute(RemoteWebDriver.java:552)
at org.openqa.selenium.remote.RemoteWebDriver.findElement(RemoteWebDriver.java:323)
at org.openqa.selenium.remote.RemoteWebDriver.findElementByXPath(RemoteWebDriver.java:428)
at org.openqa.selenium.By$ByXPath.findElement(By.java:353)
at org.openqa.selenium.remote.RemoteWebDriver.findElement(RemoteWebDriver.java:315)
at teazzers.pages.ManageParentCompaniespage.clickDesireRecDistrib(ManageParentCompaniespage.java:53)
at teazzers.testcases.distributors.TEAZ62_Distributors_SearchbyPhone.searchPhoneNum(TEAZ62_Distributors_SearchbyPhone.java:28)
at java.util.ArrayList.forEach(Unknown Source)
... Removed 31 stack frames]]>
    </failure>
  </testcase> <!-- searchPhoneNum -->
  <testcase name="searchLastName" time="45.269" classname="teazzers.testcases.contacts.TEAZ55Contacts_SearchbyLastName"/>
  <testcase name="searchParentName" time="80.451" classname="teazzers.testcases.distributors.TEAZ36Distributors_SearchbyParentName"/>
  <testcase name="searchEmail" time="49.618" classname="teazzers.testcases.contacts.TEAZ58Contacts_SearchbyEmail"/>
  <testcase name="AddServTechn" time="83.515" classname="teazzers.testcases.service_technicians.TEAZ29ServTech_AddServTech"/>
  <testcase name="searchAccNum" time="62.849" classname="teazzers.testcases.suppliers.TEAZ49Suppliers_SearchbyAccNum">
    <failure type="java.lang.RuntimeException">
      <![CDATA[java.lang.RuntimeException
at teazzers.util.Reporter.reportStep(Reporter.java:65)
at teazzers.util.Reporter.reportStep(Reporter.java:75)
at teazzers.selenium.api.SeleniumBase.click(SeleniumBase.java:150)
at teazzers.pages.Dashboardpage.clickPartners(Dashboardpage.java:32)
at teazzers.testcases.suppliers.TEAZ49Suppliers_SearchbyAccNum.searchAccNum(TEAZ49Suppliers_SearchbyAccNum.java:20)
at java.util.ArrayList.forEach(Unknown Source)
... Removed 27 stack frames]]>
    </failure>
  </testcase> <!-- searchAccNum -->
  <testcase name="AddLocationSupplier" time="72.484" classname="teazzers.testcases.suppliers.TEAZ52Suppliers_AddLocation"/>
  <testcase name="searchChannel" time="58.13" classname="teazzers.testcases.brokers.TEAZ42Brokers_SearchbyChannel"/>
  <testcase name="AddParentCompany" time="51.853" classname="teazzers.testcases.parentcompanies.TEAZ08ParentCompany_AddNewParntWitNoOwner"/>
  <testcase name="searchCityName" time="41.631" classname="teazzers.testcases.locations.TEAZ19Location_SearchbyCityName"/>
  <testcase name="AddLocationDistributor" time="82.386" classname="teazzers.testcases.distributors.TEAZ39Distributors_AddLocations"/>
  <testcase name="searchStateName" time="78.98" classname="teazzers.testcases.parentcompanies.TEAZ06ParentCompany_SearchbyStateName"/>
  <testcase name="editBroker" time="77.922" classname="teazzers.testcases.brokers.TEAZ45Brokers_EditBroker"/>
  <testcase name="searchAccNum" time="37.142" classname="teazzers.testcases.locations.TEAZ15Location_SearchbyAccNum"/>
  <testcase name="verifyGrid" time="34.975" classname="teazzers.testcases.distributors.TEAZ32Distributors_VerifyGrid"/>
  <testcase name="searchStateName" time="60.129" classname="teazzers.testcases.service_technicians.TEAZ28ServTech_SearchbyStateName">
    <failure type="java.lang.RuntimeException">
      <![CDATA[java.lang.RuntimeException
at teazzers.util.Reporter.reportStep(Reporter.java:65)
at teazzers.util.Reporter.reportStep(Reporter.java:75)
at teazzers.selenium.api.SeleniumBase.click(SeleniumBase.java:152)
at teazzers.pages.EditParentCompanypage.clickCreateUnderAddress(EditParentCompanypage.java:172)
at teazzers.testcases.service_technicians.TEAZ28ServTech_SearchbyStateName.searchStateName(TEAZ28ServTech_SearchbyStateName.java:27)
at java.util.ArrayList.forEach(Unknown Source)
... Removed 27 stack frames]]>
    </failure>
  </testcase> <!-- searchStateName -->
  <testcase name="searchStateName" time="88.002" classname="teazzers.testcases.distributors.TEAZ61_Distributors_SearchbyState">
    <failure type="java.lang.AssertionError" message="States are not matching expected [] but found [FL]">
      <![CDATA[java.lang.AssertionError: States are not matching expected [] but found [FL]
at teazzers.pages.EditParentCompanypage.verifyState(EditParentCompanypage.java:136)
at teazzers.testcases.distributors.TEAZ61_Distributors_SearchbyState.searchStateName(TEAZ61_Distributors_SearchbyState.java:35)
at java.util.ArrayList.forEach(Unknown Source)
... Removed 31 stack frames]]>
    </failure>
  </testcase> <!-- searchStateName -->
  <testcase name="searchFrequency" time="49.615" classname="teazzers.testcases.brokers.TEAZ43Brokers_SearchbyFrequency"/>
  <testcase name="searchName" time="48.992" classname="teazzers.testcases.suppliers.TEAZ48Suppliers_SearchbyName"/>
  <testcase name="searchParentName" time="37.495" classname="teazzers.testcases.locations.TEAZ17Location_SearchbyParentName"/>
  <testcase name="searchAccNum" time="45.247" classname="teazzers.testcases.parentcompanies.TEAZ03ParentCompany_SearchbyAccNum"/>
  <testcase name="searchParentName" time="56.836" classname="teazzers.testcases.service_technicians.TEAZ25ServTech_SearchbyParentName"/>
  <testcase name="searchDepartment" time="30.532" classname="teazzers.testcases.contacts.TEAZ57Contacts_SearchbyDepartment"/>
  <testcase name="verifyGrid" time="32.66" classname="teazzers.testcases.contacts.TEAZ53Contacts_VerifyGrid"/>
  <testcase name="searchPhoneNum" time="56.98" classname="teazzers.testcases.service_technicians.TEAZ27ServTech_SearchbyPhoneNum"/>
  <testcase name="searchServiceTechnician" time="46.242" classname="teazzers.testcases.locations.TEAZ18Location_SearchbyServiceTechnician"/>
  <testcase name="searchName" time="51.036" classname="teazzers.testcases.distributors.TEAZ33Distributors_SearchbyName"/>
  <testcase name="searchCityName" time="81.067" classname="teazzers.testcases.service_technicians.TEAZ26ServTech_SearchbyCityName"/>
  <testcase name="searchTradeName" time="42.159" classname="teazzers.testcases.parentcompanies.TEAZ04ParentCompany_SearchbyTradeName"/>
  <testcase name="searchFirstName" time="28.81" classname="teazzers.testcases.contacts.TEAZ54Contacts_SearchbyFirstName"/>
  <testcase name="searchPhoneNum" time="53.772" classname="teazzers.testcases.parentcompanies.TEAZ07ParentCompany_SearchbyPhoneNum"/>
  <testcase name="AddBroker" time="56.013" classname="teazzers.testcases.brokers.TEAZ44Brokers_AddBroker"/>
  <testcase name="searchName" time="54.19" classname="teazzers.testcases.brokers.TEAZ41Brokers_SearchbyName"/>
  <testcase name="searchPhoneNum" time="33.578" classname="teazzers.testcases.contacts.TEAZ59Contacts_SearchbyPhoneNum"/>
  <testcase name="editParentCompany" time="69.492" classname="teazzers.testcases.parentcompanies.TEAZ09ParentCompany_EditParentWitDetails"/>
  <testcase name="searchName" time="54.67" classname="teazzers.testcases.parentcompanies.TEAZ02ParentCompany_SearchbyName"/>
  <testcase name="searchPrimaryDisturbutor" time="38.376" classname="teazzers.testcases.locations.TEAZ22Location_SearchbyPrimaryDisturbutor"/>
  <testcase name="verifyGrid" time="38.469" classname="teazzers.testcases.locations.TEAZ13Location_VerifyGrid"/>
  <testcase name="searchCityName" time="86.834" classname="teazzers.testcases.distributors.TEAZ60Distributors_SearchbyCity"/>
  <testcase name="AddLocationBroker" time="68.986" classname="teazzers.testcases.brokers.TEAZ46Brokers_AddLocation"/>
  <testcase name="searchCityName" time="75.202" classname="teazzers.testcases.parentcompanies.TEAZ05ParentCompany_SearchbyCityName"/>
  <testcase name="AddLocationServTechn" time="72.0" classname="teazzers.testcases.service_technicians.TEAZ31ServTechn_AddLocation2ServTech"/>
  <testcase name="verifyGrid" time="36.376" classname="teazzers.testcases.suppliers.TEAZ47Suppliers_VerifyGrid"/>
  <testcase name="searchTradeName" time="55.768" classname="teazzers.testcases.distributors.TEAZ35Distributors_SearchbyTradeName"/>
  <testcase name="locSearchName" time="42.59" classname="teazzers.testcases.locations.TEAZ14Location_SearchbyName"/>
  <testcase name="searchPhoneNum" time="41.363" classname="teazzers.testcases.locations.TEAZ21Location_SearchbyPhoneNum"/>
  <testcase name="addLocation" time="60.64" classname="teazzers.testcases.parentcompanies.TEAZ10ParentCompany_AddLocation2Parent"/>
  <testcase name="searchVendorNum" time="59.116" classname="teazzers.testcases.distributors.TEAZ34Distributors_SearchbyVendorNum"/>
  <testcase name="editDistributor" time="85.331" classname="teazzers.testcases.distributors.TEAZ38Distributors_EditDistributor"/>
  <testcase name="AddSupplier" time="51.115" classname="teazzers.testcases.suppliers.TEAZ50Suppliers_AddSupplier"/>
  <testcase name="editSupplier" time="75.764" classname="teazzers.testcases.suppliers.TEAZ51Suppliers_EditSupplier"/>
  <testcase name="editServTechn" time="89.84" classname="teazzers.testcases.service_technicians.TEAZ30ServTech_EditServTechDetails"/>
  <testcase name="AddDistributor" time="57.948" classname="teazzers.testcases.distributors.TEAZ37Distributors_AddDistributor"/>
  <testcase name="verifyGrid" time="38.963" classname="teazzers.testcases.brokers.TEAZ40Brokers_VerifyGrid"/>
  <testcase name="searchTradeName" time="37.818" classname="teazzers.testcases.locations.TEAZ16Location_SearchbyTradeName"/>
  <testcase name="searchAccNum" time="57.293" classname="teazzers.testcases.service_technicians.TEAZ23ServTech_SearchbyAccNum"/>
  <testcase name="searchBusinessPartner" time="33.863" classname="teazzers.testcases.contacts.TEAZ56Contacts_SearchbyBusinessPartnr"/>
  <testcase name="verifyGrid" time="35.738" classname="teazzers.testcases.parentcompanies.TEAZ01ParentCompany_VerifyGrid"/>
  <testcase name="@AfterSuite stopReport" time="0.0" classname="teazzers.util.Reporter">
    <ignored/>
  </testcase> <!-- @AfterSuite stopReport -->
  <testcase name="@AfterSuite stopReport" time="0.0" classname="teazzers.util.Reporter">
    <ignored/>
  </testcase> <!-- @AfterSuite stopReport -->
  <testcase name="@AfterSuite stopReport" time="0.0" classname="teazzers.util.Reporter">
    <ignored/>
  </testcase> <!-- @AfterSuite stopReport -->
  <testcase name="@AfterSuite stopReport" time="0.0" classname="teazzers.util.Reporter">
    <ignored/>
  </testcase> <!-- @AfterSuite stopReport -->
  <testcase name="@AfterSuite stopReport" time="0.0" classname="teazzers.util.Reporter">
    <ignored/>
  </testcase> <!-- @AfterSuite stopReport -->
  <testcase name="@AfterSuite stopReport" time="0.0" classname="teazzers.util.Reporter">
    <ignored/>
  </testcase> <!-- @AfterSuite stopReport -->
  <testcase name="@AfterSuite stopReport" time="0.0" classname="teazzers.util.Reporter">
    <ignored/>
  </testcase> <!-- @AfterSuite stopReport -->
  <testcase name="@AfterSuite stopReport" time="0.0" classname="teazzers.util.Reporter">
    <ignored/>
  </testcase> <!-- @AfterSuite stopReport -->
  <testcase name="@AfterSuite stopReport" time="0.0" classname="teazzers.util.Reporter">
    <ignored/>
  </testcase> <!-- @AfterSuite stopReport -->
  <testcase name="@AfterSuite stopReport" time="0.0" classname="teazzers.util.Reporter">
    <ignored/>
  </testcase> <!-- @AfterSuite stopReport -->
  <testcase name="@AfterSuite stopReport" time="0.0" classname="teazzers.util.Reporter">
    <ignored/>
  </testcase> <!-- @AfterSuite stopReport -->
  <testcase name="@AfterSuite stopReport" time="0.0" classname="teazzers.util.Reporter">
    <ignored/>
  </testcase> <!-- @AfterSuite stopReport -->
  <testcase name="@AfterSuite stopReport" time="0.0" classname="teazzers.util.Reporter">
    <ignored/>
  </testcase> <!-- @AfterSuite stopReport -->
  <testcase name="@AfterSuite stopReport" time="0.0" classname="teazzers.util.Reporter">
    <ignored/>
  </testcase> <!-- @AfterSuite stopReport -->
  <testcase name="@AfterSuite stopReport" time="0.0" classname="teazzers.util.Reporter">
    <ignored/>
  </testcase> <!-- @AfterSuite stopReport -->
  <testcase name="@AfterSuite stopReport" time="0.0" classname="teazzers.util.Reporter">
    <ignored/>
  </testcase> <!-- @AfterSuite stopReport -->
  <testcase name="@AfterSuite stopReport" time="0.0" classname="teazzers.util.Reporter">
    <ignored/>
  </testcase> <!-- @AfterSuite stopReport -->
  <testcase name="@AfterSuite stopReport" time="0.0" classname="teazzers.util.Reporter">
    <ignored/>
  </testcase> <!-- @AfterSuite stopReport -->
  <testcase name="@AfterSuite stopReport" time="0.0" classname="teazzers.util.Reporter">
    <ignored/>
  </testcase> <!-- @AfterSuite stopReport -->
  <testcase name="@AfterSuite stopReport" time="0.0" classname="teazzers.util.Reporter">
    <ignored/>
  </testcase> <!-- @AfterSuite stopReport -->
  <testcase name="@AfterSuite stopReport" time="0.0" classname="teazzers.util.Reporter">
    <ignored/>
  </testcase> <!-- @AfterSuite stopReport -->
  <testcase name="@AfterSuite stopReport" time="0.0" classname="teazzers.util.Reporter">
    <ignored/>
  </testcase> <!-- @AfterSuite stopReport -->
  <testcase name="@AfterSuite stopReport" time="0.0" classname="teazzers.util.Reporter">
    <ignored/>
  </testcase> <!-- @AfterSuite stopReport -->
  <testcase name="@AfterSuite stopReport" time="0.0" classname="teazzers.util.Reporter">
    <ignored/>
  </testcase> <!-- @AfterSuite stopReport -->
  <testcase name="@AfterSuite stopReport" time="0.0" classname="teazzers.util.Reporter">
    <ignored/>
  </testcase> <!-- @AfterSuite stopReport -->
  <testcase name="@AfterSuite stopReport" time="0.0" classname="teazzers.util.Reporter">
    <ignored/>
  </testcase> <!-- @AfterSuite stopReport -->
  <testcase name="@AfterSuite stopReport" time="0.0" classname="teazzers.util.Reporter">
    <ignored/>
  </testcase> <!-- @AfterSuite stopReport -->
  <testcase name="@AfterSuite stopReport" time="0.0" classname="teazzers.util.Reporter">
    <ignored/>
  </testcase> <!-- @AfterSuite stopReport -->
  <testcase name="@AfterSuite stopReport" time="0.0" classname="teazzers.util.Reporter">
    <ignored/>
  </testcase> <!-- @AfterSuite stopReport -->
  <testcase name="@AfterSuite stopReport" time="0.0" classname="teazzers.util.Reporter">
    <ignored/>
  </testcase> <!-- @AfterSuite stopReport -->
  <testcase name="@AfterSuite stopReport" time="0.0" classname="teazzers.util.Reporter">
    <ignored/>
  </testcase> <!-- @AfterSuite stopReport -->
  <testcase name="@AfterSuite stopReport" time="0.0" classname="teazzers.util.Reporter">
    <ignored/>
  </testcase> <!-- @AfterSuite stopReport -->
  <testcase name="@AfterSuite stopReport" time="0.0" classname="teazzers.util.Reporter">
    <ignored/>
  </testcase> <!-- @AfterSuite stopReport -->
  <testcase name="@AfterSuite stopReport" time="0.0" classname="teazzers.util.Reporter">
    <ignored/>
  </testcase> <!-- @AfterSuite stopReport -->
  <testcase name="@AfterSuite stopReport" time="0.0" classname="teazzers.util.Reporter">
    <ignored/>
  </testcase> <!-- @AfterSuite stopReport -->
  <testcase name="@AfterSuite stopReport" time="0.0" classname="teazzers.util.Reporter">
    <ignored/>
  </testcase> <!-- @AfterSuite stopReport -->
  <testcase name="@AfterSuite stopReport" time="0.0" classname="teazzers.util.Reporter">
    <ignored/>
  </testcase> <!-- @AfterSuite stopReport -->
  <testcase name="@AfterSuite stopReport" time="0.0" classname="teazzers.util.Reporter">
    <ignored/>
  </testcase> <!-- @AfterSuite stopReport -->
  <testcase name="@AfterSuite stopReport" time="0.0" classname="teazzers.util.Reporter">
    <ignored/>
  </testcase> <!-- @AfterSuite stopReport -->
  <testcase name="@AfterSuite stopReport" time="0.0" classname="teazzers.util.Reporter">
    <ignored/>
  </testcase> <!-- @AfterSuite stopReport -->
  <testcase name="@AfterSuite stopReport" time="0.0" classname="teazzers.util.Reporter">
    <ignored/>
  </testcase> <!-- @AfterSuite stopReport -->
  <testcase name="@AfterSuite stopReport" time="0.0" classname="teazzers.util.Reporter">
    <ignored/>
  </testcase> <!-- @AfterSuite stopReport -->
  <testcase name="@AfterSuite stopReport" time="0.0" classname="teazzers.util.Reporter">
    <ignored/>
  </testcase> <!-- @AfterSuite stopReport -->
  <testcase name="@AfterSuite stopReport" time="0.0" classname="teazzers.util.Reporter">
    <ignored/>
  </testcase> <!-- @AfterSuite stopReport -->
  <testcase name="@AfterSuite stopReport" time="0.0" classname="teazzers.util.Reporter">
    <ignored/>
  </testcase> <!-- @AfterSuite stopReport -->
  <testcase name="@AfterSuite stopReport" time="0.0" classname="teazzers.util.Reporter">
    <ignored/>
  </testcase> <!-- @AfterSuite stopReport -->
  <testcase name="@AfterSuite stopReport" time="0.0" classname="teazzers.util.Reporter">
    <ignored/>
  </testcase> <!-- @AfterSuite stopReport -->
  <testcase name="@AfterSuite stopReport" time="0.0" classname="teazzers.util.Reporter">
    <ignored/>
  </testcase> <!-- @AfterSuite stopReport -->
  <testcase name="@AfterSuite stopReport" time="0.0" classname="teazzers.util.Reporter">
    <ignored/>
  </testcase> <!-- @AfterSuite stopReport -->
  <testcase name="@AfterSuite stopReport" time="0.0" classname="teazzers.util.Reporter">
    <ignored/>
  </testcase> <!-- @AfterSuite stopReport -->
  <testcase name="@AfterSuite stopReport" time="0.0" classname="teazzers.util.Reporter">
    <ignored/>
  </testcase> <!-- @AfterSuite stopReport -->
  <testcase name="@AfterSuite stopReport" time="0.0" classname="teazzers.util.Reporter">
    <ignored/>
  </testcase> <!-- @AfterSuite stopReport -->
  <testcase name="@AfterSuite stopReport" time="0.0" classname="teazzers.util.Reporter">
    <ignored/>
  </testcase> <!-- @AfterSuite stopReport -->
  <testcase name="@AfterSuite stopReport" time="0.0" classname="teazzers.util.Reporter">
    <ignored/>
  </testcase> <!-- @AfterSuite stopReport -->
  <testcase name="@AfterSuite stopReport" time="0.0" classname="teazzers.util.Reporter">
    <ignored/>
  </testcase> <!-- @AfterSuite stopReport -->
  <testcase name="@AfterSuite stopReport" time="0.0" classname="teazzers.util.Reporter">
    <ignored/>
  </testcase> <!-- @AfterSuite stopReport -->
  <testcase name="@AfterSuite stopReport" time="0.0" classname="teazzers.util.Reporter">
    <ignored/>
  </testcase> <!-- @AfterSuite stopReport -->
  <testcase name="@AfterSuite stopReport" time="0.0" classname="teazzers.util.Reporter">
    <ignored/>
  </testcase> <!-- @AfterSuite stopReport -->
  <testcase name="@AfterSuite stopReport" time="0.0" classname="teazzers.util.Reporter">
    <ignored/>
  </testcase> <!-- @AfterSuite stopReport -->
  <testcase name="@BeforeSuite startReport" time="0.0" classname="teazzers.util.Reporter">
    <ignored/>
  </testcase> <!-- @BeforeSuite startReport -->
  <testcase name="@BeforeSuite startReport" time="0.0" classname="teazzers.util.Reporter">
    <ignored/>
  </testcase> <!-- @BeforeSuite startReport -->
  <testcase name="@BeforeSuite startReport" time="0.0" classname="teazzers.util.Reporter">
    <ignored/>
  </testcase> <!-- @BeforeSuite startReport -->
  <testcase name="@BeforeSuite startReport" time="0.0" classname="teazzers.util.Reporter">
    <ignored/>
  </testcase> <!-- @BeforeSuite startReport -->
  <testcase name="@BeforeSuite startReport" time="0.0" classname="teazzers.util.Reporter">
    <ignored/>
  </testcase> <!-- @BeforeSuite startReport -->
  <testcase name="@BeforeSuite startReport" time="0.0" classname="teazzers.util.Reporter">
    <ignored/>
  </testcase> <!-- @BeforeSuite startReport -->
  <testcase name="@BeforeSuite startReport" time="0.0" classname="teazzers.util.Reporter">
    <ignored/>
  </testcase> <!-- @BeforeSuite startReport -->
  <testcase name="@BeforeSuite startReport" time="0.0" classname="teazzers.util.Reporter">
    <ignored/>
  </testcase> <!-- @BeforeSuite startReport -->
  <testcase name="@BeforeSuite startReport" time="0.0" classname="teazzers.util.Reporter">
    <ignored/>
  </testcase> <!-- @BeforeSuite startReport -->
  <testcase name="@BeforeSuite startReport" time="0.0" classname="teazzers.util.Reporter">
    <ignored/>
  </testcase> <!-- @BeforeSuite startReport -->
  <testcase name="@BeforeSuite startReport" time="0.0" classname="teazzers.util.Reporter">
    <ignored/>
  </testcase> <!-- @BeforeSuite startReport -->
  <testcase name="@BeforeSuite startReport" time="0.0" classname="teazzers.util.Reporter">
    <ignored/>
  </testcase> <!-- @BeforeSuite startReport -->
  <testcase name="@BeforeSuite startReport" time="0.0" classname="teazzers.util.Reporter">
    <ignored/>
  </testcase> <!-- @BeforeSuite startReport -->
  <testcase name="@BeforeSuite startReport" time="0.0" classname="teazzers.util.Reporter">
    <ignored/>
  </testcase> <!-- @BeforeSuite startReport -->
  <testcase name="@BeforeSuite startReport" time="0.0" classname="teazzers.util.Reporter">
    <ignored/>
  </testcase> <!-- @BeforeSuite startReport -->
  <testcase name="@BeforeSuite startReport" time="0.0" classname="teazzers.util.Reporter">
    <ignored/>
  </testcase> <!-- @BeforeSuite startReport -->
  <testcase name="@BeforeSuite startReport" time="0.0" classname="teazzers.util.Reporter">
    <ignored/>
  </testcase> <!-- @BeforeSuite startReport -->
  <testcase name="@BeforeSuite startReport" time="0.0" classname="teazzers.util.Reporter">
    <ignored/>
  </testcase> <!-- @BeforeSuite startReport -->
  <testcase name="@BeforeSuite startReport" time="0.0" classname="teazzers.util.Reporter">
    <ignored/>
  </testcase> <!-- @BeforeSuite startReport -->
  <testcase name="@BeforeSuite startReport" time="0.0" classname="teazzers.util.Reporter">
    <ignored/>
  </testcase> <!-- @BeforeSuite startReport -->
  <testcase name="@BeforeSuite startReport" time="0.0" classname="teazzers.util.Reporter">
    <ignored/>
  </testcase> <!-- @BeforeSuite startReport -->
  <testcase name="@BeforeSuite startReport" time="0.0" classname="teazzers.util.Reporter">
    <ignored/>
  </testcase> <!-- @BeforeSuite startReport -->
  <testcase name="@BeforeSuite startReport" time="0.0" classname="teazzers.util.Reporter">
    <ignored/>
  </testcase> <!-- @BeforeSuite startReport -->
  <testcase name="@BeforeSuite startReport" time="0.0" classname="teazzers.util.Reporter">
    <ignored/>
  </testcase> <!-- @BeforeSuite startReport -->
  <testcase name="@BeforeSuite startReport" time="0.0" classname="teazzers.util.Reporter">
    <ignored/>
  </testcase> <!-- @BeforeSuite startReport -->
  <testcase name="@BeforeSuite startReport" time="0.0" classname="teazzers.util.Reporter">
    <ignored/>
  </testcase> <!-- @BeforeSuite startReport -->
  <testcase name="@BeforeSuite startReport" time="0.0" classname="teazzers.util.Reporter">
    <ignored/>
  </testcase> <!-- @BeforeSuite startReport -->
  <testcase name="@BeforeSuite startReport" time="0.0" classname="teazzers.util.Reporter">
    <ignored/>
  </testcase> <!-- @BeforeSuite startReport -->
  <testcase name="@BeforeSuite startReport" time="0.0" classname="teazzers.util.Reporter">
    <ignored/>
  </testcase> <!-- @BeforeSuite startReport -->
  <testcase name="@BeforeSuite startReport" time="0.0" classname="teazzers.util.Reporter">
    <ignored/>
  </testcase> <!-- @BeforeSuite startReport -->
  <testcase name="@BeforeSuite startReport" time="0.0" classname="teazzers.util.Reporter">
    <ignored/>
  </testcase> <!-- @BeforeSuite startReport -->
  <testcase name="@BeforeSuite startReport" time="0.0" classname="teazzers.util.Reporter">
    <ignored/>
  </testcase> <!-- @BeforeSuite startReport -->
  <testcase name="@BeforeSuite startReport" time="0.0" classname="teazzers.util.Reporter">
    <ignored/>
  </testcase> <!-- @BeforeSuite startReport -->
  <testcase name="@BeforeSuite startReport" time="0.0" classname="teazzers.util.Reporter">
    <ignored/>
  </testcase> <!-- @BeforeSuite startReport -->
  <testcase name="@BeforeSuite startReport" time="0.0" classname="teazzers.util.Reporter">
    <ignored/>
  </testcase> <!-- @BeforeSuite startReport -->
  <testcase name="@BeforeSuite startReport" time="0.0" classname="teazzers.util.Reporter">
    <ignored/>
  </testcase> <!-- @BeforeSuite startReport -->
  <testcase name="@BeforeSuite startReport" time="0.0" classname="teazzers.util.Reporter">
    <ignored/>
  </testcase> <!-- @BeforeSuite startReport -->
  <testcase name="@BeforeSuite startReport" time="0.0" classname="teazzers.util.Reporter">
    <ignored/>
  </testcase> <!-- @BeforeSuite startReport -->
  <testcase name="@BeforeSuite startReport" time="0.0" classname="teazzers.util.Reporter">
    <ignored/>
  </testcase> <!-- @BeforeSuite startReport -->
  <testcase name="@BeforeSuite startReport" time="0.0" classname="teazzers.util.Reporter">
    <ignored/>
  </testcase> <!-- @BeforeSuite startReport -->
  <testcase name="@BeforeSuite startReport" time="0.0" classname="teazzers.util.Reporter">
    <ignored/>
  </testcase> <!-- @BeforeSuite startReport -->
  <testcase name="@BeforeSuite startReport" time="0.0" classname="teazzers.util.Reporter">
    <ignored/>
  </testcase> <!-- @BeforeSuite startReport -->
  <testcase name="@BeforeSuite startReport" time="0.0" classname="teazzers.util.Reporter">
    <ignored/>
  </testcase> <!-- @BeforeSuite startReport -->
  <testcase name="@BeforeSuite startReport" time="0.0" classname="teazzers.util.Reporter">
    <ignored/>
  </testcase> <!-- @BeforeSuite startReport -->
  <testcase name="@BeforeSuite startReport" time="0.0" classname="teazzers.util.Reporter">
    <ignored/>
  </testcase> <!-- @BeforeSuite startReport -->
  <testcase name="@BeforeSuite startReport" time="0.0" classname="teazzers.util.Reporter">
    <ignored/>
  </testcase> <!-- @BeforeSuite startReport -->
  <testcase name="@BeforeSuite startReport" time="0.0" classname="teazzers.util.Reporter">
    <ignored/>
  </testcase> <!-- @BeforeSuite startReport -->
  <testcase name="@BeforeSuite startReport" time="0.0" classname="teazzers.util.Reporter">
    <ignored/>
  </testcase> <!-- @BeforeSuite startReport -->
  <testcase name="@BeforeSuite startReport" time="0.0" classname="teazzers.util.Reporter">
    <ignored/>
  </testcase> <!-- @BeforeSuite startReport -->
  <testcase name="@BeforeSuite startReport" time="0.0" classname="teazzers.util.Reporter">
    <ignored/>
  </testcase> <!-- @BeforeSuite startReport -->
  <testcase name="@BeforeSuite startReport" time="0.0" classname="teazzers.util.Reporter">
    <ignored/>
  </testcase> <!-- @BeforeSuite startReport -->
  <testcase name="@BeforeSuite startReport" time="0.0" classname="teazzers.util.Reporter">
    <ignored/>
  </testcase> <!-- @BeforeSuite startReport -->
  <testcase name="@BeforeSuite startReport" time="0.0" classname="teazzers.util.Reporter">
    <ignored/>
  </testcase> <!-- @BeforeSuite startReport -->
  <testcase name="@BeforeSuite startReport" time="0.0" classname="teazzers.util.Reporter">
    <ignored/>
  </testcase> <!-- @BeforeSuite startReport -->
  <testcase name="@BeforeSuite startReport" time="0.0" classname="teazzers.util.Reporter">
    <ignored/>
  </testcase> <!-- @BeforeSuite startReport -->
  <testcase name="@BeforeSuite startReport" time="0.0" classname="teazzers.util.Reporter">
    <ignored/>
  </testcase> <!-- @BeforeSuite startReport -->
  <testcase name="@BeforeSuite startReport" time="0.0" classname="teazzers.util.Reporter">
    <ignored/>
  </testcase> <!-- @BeforeSuite startReport -->
  <testcase name="@BeforeSuite startReport" time="0.0" classname="teazzers.util.Reporter">
    <ignored/>
  </testcase> <!-- @BeforeSuite startReport -->
  <testcase name="@BeforeSuite startReport" time="0.0" classname="teazzers.util.Reporter">
    <ignored/>
  </testcase> <!-- @BeforeSuite startReport -->
  <testcase name="@BeforeSuite loadObj" time="0.0" classname="teazzers.api.ProjSpecificMethods">
    <ignored/>
  </testcase> <!-- @BeforeSuite loadObj -->
  <testcase name="@BeforeSuite loadObj" time="0.0" classname="teazzers.api.ProjSpecificMethods">
    <ignored/>
  </testcase> <!-- @BeforeSuite loadObj -->
  <testcase name="@BeforeSuite loadObj" time="0.0" classname="teazzers.api.ProjSpecificMethods">
    <ignored/>
  </testcase> <!-- @BeforeSuite loadObj -->
  <testcase name="@BeforeSuite loadObj" time="0.0" classname="teazzers.api.ProjSpecificMethods">
    <ignored/>
  </testcase> <!-- @BeforeSuite loadObj -->
  <testcase name="@BeforeSuite loadObj" time="0.0" classname="teazzers.api.ProjSpecificMethods">
    <ignored/>
  </testcase> <!-- @BeforeSuite loadObj -->
  <testcase name="@BeforeSuite loadObj" time="0.0" classname="teazzers.api.ProjSpecificMethods">
    <ignored/>
  </testcase> <!-- @BeforeSuite loadObj -->
  <testcase name="@BeforeSuite loadObj" time="0.0" classname="teazzers.api.ProjSpecificMethods">
    <ignored/>
  </testcase> <!-- @BeforeSuite loadObj -->
  <testcase name="@BeforeSuite loadObj" time="0.0" classname="teazzers.api.ProjSpecificMethods">
    <ignored/>
  </testcase> <!-- @BeforeSuite loadObj -->
  <testcase name="@BeforeSuite loadObj" time="0.0" classname="teazzers.api.ProjSpecificMethods">
    <ignored/>
  </testcase> <!-- @BeforeSuite loadObj -->
  <testcase name="@BeforeSuite loadObj" time="0.0" classname="teazzers.api.ProjSpecificMethods">
    <ignored/>
  </testcase> <!-- @BeforeSuite loadObj -->
  <testcase name="@BeforeSuite loadObj" time="0.0" classname="teazzers.api.ProjSpecificMethods">
    <ignored/>
  </testcase> <!-- @BeforeSuite loadObj -->
  <testcase name="@BeforeSuite loadObj" time="0.0" classname="teazzers.api.ProjSpecificMethods">
    <ignored/>
  </testcase> <!-- @BeforeSuite loadObj -->
  <testcase name="@BeforeSuite loadObj" time="0.0" classname="teazzers.api.ProjSpecificMethods">
    <ignored/>
  </testcase> <!-- @BeforeSuite loadObj -->
  <testcase name="@BeforeSuite loadObj" time="0.0" classname="teazzers.api.ProjSpecificMethods">
    <ignored/>
  </testcase> <!-- @BeforeSuite loadObj -->
  <testcase name="@BeforeSuite loadObj" time="0.0" classname="teazzers.api.ProjSpecificMethods">
    <ignored/>
  </testcase> <!-- @BeforeSuite loadObj -->
  <testcase name="@BeforeSuite loadObj" time="0.0" classname="teazzers.api.ProjSpecificMethods">
    <ignored/>
  </testcase> <!-- @BeforeSuite loadObj -->
  <testcase name="@BeforeSuite loadObj" time="0.0" classname="teazzers.api.ProjSpecificMethods">
    <ignored/>
  </testcase> <!-- @BeforeSuite loadObj -->
  <testcase name="@BeforeSuite loadObj" time="0.0" classname="teazzers.api.ProjSpecificMethods">
    <ignored/>
  </testcase> <!-- @BeforeSuite loadObj -->
  <testcase name="@BeforeSuite loadObj" time="0.0" classname="teazzers.api.ProjSpecificMethods">
    <ignored/>
  </testcase> <!-- @BeforeSuite loadObj -->
  <testcase name="@BeforeSuite loadObj" time="0.0" classname="teazzers.api.ProjSpecificMethods">
    <ignored/>
  </testcase> <!-- @BeforeSuite loadObj -->
  <testcase name="@BeforeSuite loadObj" time="0.0" classname="teazzers.api.ProjSpecificMethods">
    <ignored/>
  </testcase> <!-- @BeforeSuite loadObj -->
  <testcase name="@BeforeSuite loadObj" time="0.0" classname="teazzers.api.ProjSpecificMethods">
    <ignored/>
  </testcase> <!-- @BeforeSuite loadObj -->
  <testcase name="@BeforeSuite loadObj" time="0.0" classname="teazzers.api.ProjSpecificMethods">
    <ignored/>
  </testcase> <!-- @BeforeSuite loadObj -->
  <testcase name="@BeforeSuite loadObj" time="0.0" classname="teazzers.api.ProjSpecificMethods">
    <ignored/>
  </testcase> <!-- @BeforeSuite loadObj -->
  <testcase name="@BeforeSuite loadObj" time="0.0" classname="teazzers.api.ProjSpecificMethods">
    <ignored/>
  </testcase> <!-- @BeforeSuite loadObj -->
  <testcase name="@BeforeSuite loadObj" time="0.0" classname="teazzers.api.ProjSpecificMethods">
    <ignored/>
  </testcase> <!-- @BeforeSuite loadObj -->
  <testcase name="@BeforeSuite loadObj" time="0.0" classname="teazzers.api.ProjSpecificMethods">
    <ignored/>
  </testcase> <!-- @BeforeSuite loadObj -->
  <testcase name="@BeforeSuite loadObj" time="0.0" classname="teazzers.api.ProjSpecificMethods">
    <ignored/>
  </testcase> <!-- @BeforeSuite loadObj -->
  <testcase name="@BeforeSuite loadObj" time="0.0" classname="teazzers.api.ProjSpecificMethods">
    <ignored/>
  </testcase> <!-- @BeforeSuite loadObj -->
  <testcase name="@BeforeSuite loadObj" time="0.0" classname="teazzers.api.ProjSpecificMethods">
    <ignored/>
  </testcase> <!-- @BeforeSuite loadObj -->
  <testcase name="@BeforeSuite loadObj" time="0.0" classname="teazzers.api.ProjSpecificMethods">
    <ignored/>
  </testcase> <!-- @BeforeSuite loadObj -->
  <testcase name="@BeforeSuite loadObj" time="0.0" classname="teazzers.api.ProjSpecificMethods">
    <ignored/>
  </testcase> <!-- @BeforeSuite loadObj -->
  <testcase name="@BeforeSuite loadObj" time="0.0" classname="teazzers.api.ProjSpecificMethods">
    <ignored/>
  </testcase> <!-- @BeforeSuite loadObj -->
  <testcase name="@BeforeSuite loadObj" time="0.0" classname="teazzers.api.ProjSpecificMethods">
    <ignored/>
  </testcase> <!-- @BeforeSuite loadObj -->
  <testcase name="@BeforeSuite loadObj" time="0.0" classname="teazzers.api.ProjSpecificMethods">
    <ignored/>
  </testcase> <!-- @BeforeSuite loadObj -->
  <testcase name="@BeforeSuite loadObj" time="0.0" classname="teazzers.api.ProjSpecificMethods">
    <ignored/>
  </testcase> <!-- @BeforeSuite loadObj -->
  <testcase name="@BeforeSuite loadObj" time="0.0" classname="teazzers.api.ProjSpecificMethods">
    <ignored/>
  </testcase> <!-- @BeforeSuite loadObj -->
  <testcase name="@BeforeSuite loadObj" time="0.0" classname="teazzers.api.ProjSpecificMethods">
    <ignored/>
  </testcase> <!-- @BeforeSuite loadObj -->
  <testcase name="@BeforeSuite loadObj" time="0.0" classname="teazzers.api.ProjSpecificMethods">
    <ignored/>
  </testcase> <!-- @BeforeSuite loadObj -->
  <testcase name="@BeforeSuite loadObj" time="0.0" classname="teazzers.api.ProjSpecificMethods">
    <ignored/>
  </testcase> <!-- @BeforeSuite loadObj -->
  <testcase name="@BeforeSuite loadObj" time="0.0" classname="teazzers.api.ProjSpecificMethods">
    <ignored/>
  </testcase> <!-- @BeforeSuite loadObj -->
  <testcase name="@BeforeSuite loadObj" time="0.0" classname="teazzers.api.ProjSpecificMethods">
    <ignored/>
  </testcase> <!-- @BeforeSuite loadObj -->
  <testcase name="@BeforeSuite loadObj" time="0.0" classname="teazzers.api.ProjSpecificMethods">
    <ignored/>
  </testcase> <!-- @BeforeSuite loadObj -->
  <testcase name="@BeforeSuite loadObj" time="0.0" classname="teazzers.api.ProjSpecificMethods">
    <ignored/>
  </testcase> <!-- @BeforeSuite loadObj -->
  <testcase name="@BeforeSuite loadObj" time="0.0" classname="teazzers.api.ProjSpecificMethods">
    <ignored/>
  </testcase> <!-- @BeforeSuite loadObj -->
  <testcase name="@BeforeSuite loadObj" time="0.0" classname="teazzers.api.ProjSpecificMethods">
    <ignored/>
  </testcase> <!-- @BeforeSuite loadObj -->
  <testcase name="@BeforeSuite loadObj" time="0.0" classname="teazzers.api.ProjSpecificMethods">
    <ignored/>
  </testcase> <!-- @BeforeSuite loadObj -->
  <testcase name="@BeforeSuite loadObj" time="0.0" classname="teazzers.api.ProjSpecificMethods">
    <ignored/>
  </testcase> <!-- @BeforeSuite loadObj -->
  <testcase name="@BeforeSuite loadObj" time="0.0" classname="teazzers.api.ProjSpecificMethods">
    <ignored/>
  </testcase> <!-- @BeforeSuite loadObj -->
  <testcase name="@BeforeSuite loadObj" time="0.0" classname="teazzers.api.ProjSpecificMethods">
    <ignored/>
  </testcase> <!-- @BeforeSuite loadObj -->
  <testcase name="@BeforeSuite loadObj" time="0.0" classname="teazzers.api.ProjSpecificMethods">
    <ignored/>
  </testcase> <!-- @BeforeSuite loadObj -->
  <testcase name="@BeforeSuite loadObj" time="0.0" classname="teazzers.api.ProjSpecificMethods">
    <ignored/>
  </testcase> <!-- @BeforeSuite loadObj -->
  <testcase name="@BeforeSuite loadObj" time="0.0" classname="teazzers.api.ProjSpecificMethods">
    <ignored/>
  </testcase> <!-- @BeforeSuite loadObj -->
  <testcase name="@BeforeSuite loadObj" time="0.0" classname="teazzers.api.ProjSpecificMethods">
    <ignored/>
  </testcase> <!-- @BeforeSuite loadObj -->
  <testcase name="@BeforeSuite loadObj" time="0.0" classname="teazzers.api.ProjSpecificMethods">
    <ignored/>
  </testcase> <!-- @BeforeSuite loadObj -->
  <testcase name="@BeforeSuite loadObj" time="0.0" classname="teazzers.api.ProjSpecificMethods">
    <ignored/>
  </testcase> <!-- @BeforeSuite loadObj -->
  <testcase name="@BeforeSuite loadObj" time="0.0" classname="teazzers.api.ProjSpecificMethods">
    <ignored/>
  </testcase> <!-- @BeforeSuite loadObj -->
  <testcase name="@BeforeSuite loadObj" time="0.0" classname="teazzers.api.ProjSpecificMethods">
    <ignored/>
  </testcase> <!-- @BeforeSuite loadObj -->
  <testcase name="@BeforeSuite loadObj" time="0.0" classname="teazzers.api.ProjSpecificMethods">
    <ignored/>
  </testcase> <!-- @BeforeSuite loadObj -->
  <testcase name="@AfterSuite unloadObj" time="0.0" classname="teazzers.api.ProjSpecificMethods">
    <ignored/>
  </testcase> <!-- @AfterSuite unloadObj -->
  <testcase name="@AfterSuite unloadObj" time="0.0" classname="teazzers.api.ProjSpecificMethods">
    <ignored/>
  </testcase> <!-- @AfterSuite unloadObj -->
  <testcase name="@AfterSuite unloadObj" time="0.0" classname="teazzers.api.ProjSpecificMethods">
    <ignored/>
  </testcase> <!-- @AfterSuite unloadObj -->
  <testcase name="@AfterSuite unloadObj" time="0.0" classname="teazzers.api.ProjSpecificMethods">
    <ignored/>
  </testcase> <!-- @AfterSuite unloadObj -->
  <testcase name="@AfterSuite unloadObj" time="0.0" classname="teazzers.api.ProjSpecificMethods">
    <ignored/>
  </testcase> <!-- @AfterSuite unloadObj -->
  <testcase name="@AfterSuite unloadObj" time="0.0" classname="teazzers.api.ProjSpecificMethods">
    <ignored/>
  </testcase> <!-- @AfterSuite unloadObj -->
  <testcase name="@AfterSuite unloadObj" time="0.0" classname="teazzers.api.ProjSpecificMethods">
    <ignored/>
  </testcase> <!-- @AfterSuite unloadObj -->
  <testcase name="@AfterSuite unloadObj" time="0.0" classname="teazzers.api.ProjSpecificMethods">
    <ignored/>
  </testcase> <!-- @AfterSuite unloadObj -->
  <testcase name="@AfterSuite unloadObj" time="0.0" classname="teazzers.api.ProjSpecificMethods">
    <ignored/>
  </testcase> <!-- @AfterSuite unloadObj -->
  <testcase name="@AfterSuite unloadObj" time="0.0" classname="teazzers.api.ProjSpecificMethods">
    <ignored/>
  </testcase> <!-- @AfterSuite unloadObj -->
  <testcase name="@AfterSuite unloadObj" time="0.0" classname="teazzers.api.ProjSpecificMethods">
    <ignored/>
  </testcase> <!-- @AfterSuite unloadObj -->
  <testcase name="@AfterSuite unloadObj" time="0.0" classname="teazzers.api.ProjSpecificMethods">
    <ignored/>
  </testcase> <!-- @AfterSuite unloadObj -->
  <testcase name="@AfterSuite unloadObj" time="0.0" classname="teazzers.api.ProjSpecificMethods">
    <ignored/>
  </testcase> <!-- @AfterSuite unloadObj -->
  <testcase name="@AfterSuite unloadObj" time="0.0" classname="teazzers.api.ProjSpecificMethods">
    <ignored/>
  </testcase> <!-- @AfterSuite unloadObj -->
  <testcase name="@AfterSuite unloadObj" time="0.0" classname="teazzers.api.ProjSpecificMethods">
    <ignored/>
  </testcase> <!-- @AfterSuite unloadObj -->
  <testcase name="@AfterSuite unloadObj" time="0.0" classname="teazzers.api.ProjSpecificMethods">
    <ignored/>
  </testcase> <!-- @AfterSuite unloadObj -->
  <testcase name="@AfterSuite unloadObj" time="0.0" classname="teazzers.api.ProjSpecificMethods">
    <ignored/>
  </testcase> <!-- @AfterSuite unloadObj -->
  <testcase name="@AfterSuite unloadObj" time="0.0" classname="teazzers.api.ProjSpecificMethods">
    <ignored/>
  </testcase> <!-- @AfterSuite unloadObj -->
  <testcase name="@AfterSuite unloadObj" time="0.0" classname="teazzers.api.ProjSpecificMethods">
    <ignored/>
  </testcase> <!-- @AfterSuite unloadObj -->
  <testcase name="@AfterSuite unloadObj" time="0.0" classname="teazzers.api.ProjSpecificMethods">
    <ignored/>
  </testcase> <!-- @AfterSuite unloadObj -->
  <testcase name="@AfterSuite unloadObj" time="0.0" classname="teazzers.api.ProjSpecificMethods">
    <ignored/>
  </testcase> <!-- @AfterSuite unloadObj -->
  <testcase name="@AfterSuite unloadObj" time="0.0" classname="teazzers.api.ProjSpecificMethods">
    <ignored/>
  </testcase> <!-- @AfterSuite unloadObj -->
  <testcase name="@AfterSuite unloadObj" time="0.0" classname="teazzers.api.ProjSpecificMethods">
    <ignored/>
  </testcase> <!-- @AfterSuite unloadObj -->
  <testcase name="@AfterSuite unloadObj" time="0.0" classname="teazzers.api.ProjSpecificMethods">
    <ignored/>
  </testcase> <!-- @AfterSuite unloadObj -->
  <testcase name="@AfterSuite unloadObj" time="0.0" classname="teazzers.api.ProjSpecificMethods">
    <ignored/>
  </testcase> <!-- @AfterSuite unloadObj -->
  <testcase name="@AfterSuite unloadObj" time="0.0" classname="teazzers.api.ProjSpecificMethods">
    <ignored/>
  </testcase> <!-- @AfterSuite unloadObj -->
  <testcase name="@AfterSuite unloadObj" time="0.0" classname="teazzers.api.ProjSpecificMethods">
    <ignored/>
  </testcase> <!-- @AfterSuite unloadObj -->
  <testcase name="@AfterSuite unloadObj" time="0.0" classname="teazzers.api.ProjSpecificMethods">
    <ignored/>
  </testcase> <!-- @AfterSuite unloadObj -->
  <testcase name="@AfterSuite unloadObj" time="0.0" classname="teazzers.api.ProjSpecificMethods">
    <ignored/>
  </testcase> <!-- @AfterSuite unloadObj -->
  <testcase name="@AfterSuite unloadObj" time="0.0" classname="teazzers.api.ProjSpecificMethods">
    <ignored/>
  </testcase> <!-- @AfterSuite unloadObj -->
  <testcase name="@AfterSuite unloadObj" time="0.0" classname="teazzers.api.ProjSpecificMethods">
    <ignored/>
  </testcase> <!-- @AfterSuite unloadObj -->
  <testcase name="@AfterSuite unloadObj" time="0.0" classname="teazzers.api.ProjSpecificMethods">
    <ignored/>
  </testcase> <!-- @AfterSuite unloadObj -->
  <testcase name="@AfterSuite unloadObj" time="0.0" classname="teazzers.api.ProjSpecificMethods">
    <ignored/>
  </testcase> <!-- @AfterSuite unloadObj -->
  <testcase name="@AfterSuite unloadObj" time="0.0" classname="teazzers.api.ProjSpecificMethods">
    <ignored/>
  </testcase> <!-- @AfterSuite unloadObj -->
  <testcase name="@AfterSuite unloadObj" time="0.0" classname="teazzers.api.ProjSpecificMethods">
    <ignored/>
  </testcase> <!-- @AfterSuite unloadObj -->
  <testcase name="@AfterSuite unloadObj" time="0.0" classname="teazzers.api.ProjSpecificMethods">
    <ignored/>
  </testcase> <!-- @AfterSuite unloadObj -->
  <testcase name="@AfterSuite unloadObj" time="0.0" classname="teazzers.api.ProjSpecificMethods">
    <ignored/>
  </testcase> <!-- @AfterSuite unloadObj -->
  <testcase name="@AfterSuite unloadObj" time="0.0" classname="teazzers.api.ProjSpecificMethods">
    <ignored/>
  </testcase> <!-- @AfterSuite unloadObj -->
  <testcase name="@AfterSuite unloadObj" time="0.0" classname="teazzers.api.ProjSpecificMethods">
    <ignored/>
  </testcase> <!-- @AfterSuite unloadObj -->
  <testcase name="@AfterSuite unloadObj" time="0.0" classname="teazzers.api.ProjSpecificMethods">
    <ignored/>
  </testcase> <!-- @AfterSuite unloadObj -->
  <testcase name="@AfterSuite unloadObj" time="0.0" classname="teazzers.api.ProjSpecificMethods">
    <ignored/>
  </testcase> <!-- @AfterSuite unloadObj -->
  <testcase name="@AfterSuite unloadObj" time="0.0" classname="teazzers.api.ProjSpecificMethods">
    <ignored/>
  </testcase> <!-- @AfterSuite unloadObj -->
  <testcase name="@AfterSuite unloadObj" time="0.0" classname="teazzers.api.ProjSpecificMethods">
    <ignored/>
  </testcase> <!-- @AfterSuite unloadObj -->
  <testcase name="@AfterSuite unloadObj" time="0.0" classname="teazzers.api.ProjSpecificMethods">
    <ignored/>
  </testcase> <!-- @AfterSuite unloadObj -->
  <testcase name="@AfterSuite unloadObj" time="0.0" classname="teazzers.api.ProjSpecificMethods">
    <ignored/>
  </testcase> <!-- @AfterSuite unloadObj -->
  <testcase name="@AfterSuite unloadObj" time="0.0" classname="teazzers.api.ProjSpecificMethods">
    <ignored/>
  </testcase> <!-- @AfterSuite unloadObj -->
  <testcase name="@AfterSuite unloadObj" time="0.0" classname="teazzers.api.ProjSpecificMethods">
    <ignored/>
  </testcase> <!-- @AfterSuite unloadObj -->
  <testcase name="@AfterSuite unloadObj" time="0.0" classname="teazzers.api.ProjSpecificMethods">
    <ignored/>
  </testcase> <!-- @AfterSuite unloadObj -->
  <testcase name="@AfterSuite unloadObj" time="0.0" classname="teazzers.api.ProjSpecificMethods">
    <ignored/>
  </testcase> <!-- @AfterSuite unloadObj -->
  <testcase name="@AfterSuite unloadObj" time="0.0" classname="teazzers.api.ProjSpecificMethods">
    <ignored/>
  </testcase> <!-- @AfterSuite unloadObj -->
  <testcase name="@AfterSuite unloadObj" time="0.0" classname="teazzers.api.ProjSpecificMethods">
    <ignored/>
  </testcase> <!-- @AfterSuite unloadObj -->
  <testcase name="@AfterSuite unloadObj" time="0.0" classname="teazzers.api.ProjSpecificMethods">
    <ignored/>
  </testcase> <!-- @AfterSuite unloadObj -->
  <testcase name="@AfterSuite unloadObj" time="0.0" classname="teazzers.api.ProjSpecificMethods">
    <ignored/>
  </testcase> <!-- @AfterSuite unloadObj -->
  <testcase name="@AfterSuite unloadObj" time="0.0" classname="teazzers.api.ProjSpecificMethods">
    <ignored/>
  </testcase> <!-- @AfterSuite unloadObj -->
  <testcase name="@AfterSuite unloadObj" time="0.0" classname="teazzers.api.ProjSpecificMethods">
    <ignored/>
  </testcase> <!-- @AfterSuite unloadObj -->
  <testcase name="@AfterSuite unloadObj" time="0.0" classname="teazzers.api.ProjSpecificMethods">
    <ignored/>
  </testcase> <!-- @AfterSuite unloadObj -->
  <testcase name="@AfterSuite unloadObj" time="0.0" classname="teazzers.api.ProjSpecificMethods">
    <ignored/>
  </testcase> <!-- @AfterSuite unloadObj -->
  <testcase name="@AfterSuite unloadObj" time="0.0" classname="teazzers.api.ProjSpecificMethods">
    <ignored/>
  </testcase> <!-- @AfterSuite unloadObj -->
  <testcase name="@AfterSuite unloadObj" time="0.0" classname="teazzers.api.ProjSpecificMethods">
    <ignored/>
  </testcase> <!-- @AfterSuite unloadObj -->
</testsuite> <!-- Test -->
